{
  "Cucumber Features": {
    "coverage": {
      "/HW3/app/controllers/application_controller.rb": [
        1,
        1,
        null
      ],
      "/HW3/app/helpers/application_helper.rb": [
        1,
        null
      ],
      "/HW3/app/helpers/movies_helper.rb": [
        1,
        null,
        1,
        0,
        null,
        null
      ],
      "/HW3/app/controllers/movies_controller.rb": [
        1,
        null,
        1,
        4,
        4,
        null,
        null,
        null,
        1,
        4,
        4,
        null,
        0,
        null,
        0,
        null,
        4,
        4,
        null,
        4,
        20,
        null,
        4,
        null,
        null,
        null,
        null,
        null,
        null,
        null,
        1,
        2,
        null,
        2,
        2,
        null,
        1,
        null,
        null,
        null,
        null,
        1,
        null,
        null,
        null,
        1,
        1,
        null,
        null,
        1,
        1,
        1,
        1,
        1,
        null,
        null,
        1,
        0,
        0,
        0,
        null,
        1,
        0,
        0,
        0,
        0,
        null,
        null
      ],
      "/HW3/app/models/movie.rb": [
        1,
        1,
        4,
        null,
        null
      ]
    },
    "timestamp": 1364613090
  },
  "RSpec": {
    "coverage": {
      "/HW3/app/controllers/application_controller.rb": [
        1,
        1,
        null
      ],
      "/HW3/app/helpers/application_helper.rb": [
        1,
        null
      ],
      "/HW3/app/helpers/movies_helper.rb": [
        1,
        null,
        1,
        null,
        null,
        null
      ],
      "/HW3/app/controllers/movies_controller.rb": [
        1,
        null,
        1,
        0,
        0,
        null,
        null,
        null,
        1,
        0,
        0,
        null,
        0,
        null,
        0,
        null,
        0,
        0,
        null,
        0,
        0,
        null,
        null,
        0,
        0,
        0,
        0,
        null,
        0,
        null,
        null,
        null,
        null,
        null,
        null,
        null,
        1,
        1,
        null,
        1,
        1,
        null,
        0,
        null,
        null,
        null,
        null,
        1,
        null,
        null,
        1,
        0,
        0,
        0,
        null,
        null,
        1,
        0,
        null,
        null,
        1,
        0,
        0,
        0,
        0,
        null,
        null,
        1,
        0,
        0,
        0,
        0,
        null,
        null,
        null
      ],
      "/HW3/app/models/movie.rb": [
        1,
        1,
        0,
        null,
        null
      ]
    },
    "timestamp": 1364604757
  }
}
